Assignment3/Library/Bee/Android/Prj/IL2CPP/Gradle/unityLibrary/build/intermediates/manifest_merge_blame_file/release/manifest-merger-blame-release-report.txt
1<?xml version="1.0" encoding="utf-8"?>
2<manifest xmlns:android="http://schemas.android.com/apk/res/android"
3    xmlns:tools="http://schemas.android.com/tools"
4    package="com.unity3d.player" >
5
6    <uses-sdk
7        android:minSdkVersion="26"
7-->src\main\AndroidManifest.xml
8        android:targetSdkVersion="32" />
8-->src\main\AndroidManifest.xml
9
10    <uses-permission android:name="android.permission.INTERNET" />
10-->src\main\AndroidManifest.xml:3:3-65
10-->src\main\AndroidManifest.xml:3:20-62
11    <uses-permission android:name="android.permission.ACCESS_NETWORK_STATE" />
11-->src\main\AndroidManifest.xml:4:3-77
11-->src\main\AndroidManifest.xml:4:20-74
12    <uses-permission android:name="android.permission.CAMERA" />
12-->src\main\AndroidManifest.xml:5:3-63
12-->src\main\AndroidManifest.xml:5:20-60
13
14    <uses-feature android:glEsVersion="0x00020000" />
14-->src\main\AndroidManifest.xml:6:3-52
14-->src\main\AndroidManifest.xml:6:17-49
15    <uses-feature
15-->src\main\AndroidManifest.xml:7:3-91
16        android:name="android.hardware.vulkan.version"
16-->src\main\AndroidManifest.xml:7:17-63
17        android:required="false" />
17-->src\main\AndroidManifest.xml:7:64-88
18    <uses-feature
18-->src\main\AndroidManifest.xml:8:3-83
19        android:name="android.hardware.camera"
19-->src\main\AndroidManifest.xml:8:17-55
20        android:required="false" />
20-->src\main\AndroidManifest.xml:8:56-80
21    <uses-feature
21-->src\main\AndroidManifest.xml:9:3-93
22        android:name="android.hardware.camera.autofocus"
22-->src\main\AndroidManifest.xml:9:17-65
23        android:required="false" />
23-->src\main\AndroidManifest.xml:9:66-90
24    <uses-feature
24-->src\main\AndroidManifest.xml:10:3-89
25        android:name="android.hardware.camera.front"
25-->src\main\AndroidManifest.xml:10:17-61
26        android:required="false" />
26-->src\main\AndroidManifest.xml:10:62-86
27    <uses-feature
27-->src\main\AndroidManifest.xml:11:3-88
28        android:name="android.hardware.touchscreen"
28-->src\main\AndroidManifest.xml:11:17-60
29        android:required="false" />
29-->src\main\AndroidManifest.xml:11:61-85
30    <uses-feature
30-->src\main\AndroidManifest.xml:12:3-99
31        android:name="android.hardware.touchscreen.multitouch"
31-->src\main\AndroidManifest.xml:12:17-71
32        android:required="false" />
32-->src\main\AndroidManifest.xml:12:72-96
33    <uses-feature
33-->src\main\AndroidManifest.xml:13:3-108
34        android:name="android.hardware.touchscreen.multitouch.distinct"
34-->src\main\AndroidManifest.xml:13:17-80
35        android:required="false" />
35-->src\main\AndroidManifest.xml:13:81-105
36
37    <application android:extractNativeLibs="true" >
37-->src\main\AndroidManifest.xml:14:3-29:17
37-->src\main\AndroidManifest.xml:14:16-48
38        <meta-data
38-->src\main\AndroidManifest.xml:15:5-69
39            android:name="unity.splash-mode"
39-->src\main\AndroidManifest.xml:15:16-48
40            android:value="0" />
40-->src\main\AndroidManifest.xml:15:49-66
41        <meta-data
41-->src\main\AndroidManifest.xml:16:5-74
42            android:name="unity.splash-enable"
42-->src\main\AndroidManifest.xml:16:16-50
43            android:value="True" />
43-->src\main\AndroidManifest.xml:16:51-71
44        <meta-data
44-->src\main\AndroidManifest.xml:17:5-78
45            android:name="unity.launch-fullscreen"
45-->src\main\AndroidManifest.xml:17:16-54
46            android:value="True" />
46-->src\main\AndroidManifest.xml:17:55-75
47        <meta-data
47-->src\main\AndroidManifest.xml:18:5-81
48            android:name="notch.config"
48-->src\main\AndroidManifest.xml:18:16-43
49            android:value="portrait|landscape" />
49-->src\main\AndroidManifest.xml:18:44-78
50        <meta-data
50-->src\main\AndroidManifest.xml:19:5-84
51            android:name="unity.auto-report-fully-drawn"
51-->src\main\AndroidManifest.xml:19:16-60
52            android:value="true" />
52-->src\main\AndroidManifest.xml:19:61-81
53
54        <activity
54-->src\main\AndroidManifest.xml:20:5-27:16
55            android:name="com.unity3d.player.UnityPlayerActivity"
55-->src\main\AndroidManifest.xml:20:15-68
56            android:configChanges="mcc|mnc|locale|touchscreen|keyboard|keyboardHidden|navigation|orientation|screenLayout|uiMode|screenSize|smallestScreenSize|fontScale|layoutDirection|density"
56-->src\main\AndroidManifest.xml:20:180-361
57            android:exported="true"
57-->src\main\AndroidManifest.xml:20:433-456
58            android:hardwareAccelerated="false"
58-->src\main\AndroidManifest.xml:20:397-432
59            android:launchMode="singleTask"
59-->src\main\AndroidManifest.xml:20:148-179
60            android:resizeableActivity="false"
60-->src\main\AndroidManifest.xml:20:362-396
61            android:screenOrientation="portrait"
61-->src\main\AndroidManifest.xml:20:111-147
62            android:theme="@style/UnityThemeSelector" >
62-->src\main\AndroidManifest.xml:20:69-110
63            <intent-filter>
63-->src\main\AndroidManifest.xml:21:7-24:23
64                <category android:name="android.intent.category.LAUNCHER" />
64-->src\main\AndroidManifest.xml:22:9-69
64-->src\main\AndroidManifest.xml:22:19-66
65
66                <action android:name="android.intent.action.MAIN" />
66-->src\main\AndroidManifest.xml:23:9-61
66-->src\main\AndroidManifest.xml:23:17-58
67            </intent-filter>
68
69            <meta-data
69-->src\main\AndroidManifest.xml:25:7-82
70                android:name="unityplayer.UnityActivity"
70-->src\main\AndroidManifest.xml:25:18-58
71                android:value="true" />
71-->src\main\AndroidManifest.xml:25:59-79
72            <meta-data
72-->src\main\AndroidManifest.xml:26:7-70
73                android:name="notch_support"
73-->src\main\AndroidManifest.xml:26:18-46
74                android:value="true" />
74-->src\main\AndroidManifest.xml:26:47-67
75        </activity>
76
77        <meta-data
77-->src\main\AndroidManifest.xml:28:5-77
78            android:name="com.google.ar.core"
78-->src\main\AndroidManifest.xml:28:16-49
79            android:value="optional" />
79-->src\main\AndroidManifest.xml:28:50-74
80    </application>
81
82</manifest>